2020-11-28 22:39:28.174 [main] WARN  org.mybatis.spring.mapper.ClassPathMapperScanner - Skipping MapperFactoryBean with name 'blogMapper' and 'com.xxgg.blog.mapper.BlogMapper' mapperInterface. Bean already defined with the same name!
2020-11-28 22:39:28.174 [main] WARN  org.mybatis.spring.mapper.ClassPathMapperScanner - Skipping MapperFactoryBean with name 'blogTypeMapper' and 'com.xxgg.blog.mapper.BlogTypeMapper' mapperInterface. Bean already defined with the same name!
2020-11-28 22:39:28.174 [main] WARN  org.mybatis.spring.mapper.ClassPathMapperScanner - Skipping MapperFactoryBean with name 'commentMapper' and 'com.xxgg.blog.mapper.CommentMapper' mapperInterface. Bean already defined with the same name!
2020-11-28 22:39:28.177 [main] WARN  org.mybatis.spring.mapper.ClassPathMapperScanner - Skipping MapperFactoryBean with name 'friendlinkMapper' and 'com.xxgg.blog.mapper.FriendlinkMapper' mapperInterface. Bean already defined with the same name!
2020-11-28 22:39:28.177 [main] WARN  org.mybatis.spring.mapper.ClassPathMapperScanner - Skipping MapperFactoryBean with name 'logMapper' and 'com.xxgg.blog.mapper.LogMapper' mapperInterface. Bean already defined with the same name!
2020-11-28 22:39:28.177 [main] WARN  org.mybatis.spring.mapper.ClassPathMapperScanner - Skipping MapperFactoryBean with name 'messageMapper' and 'com.xxgg.blog.mapper.MessageMapper' mapperInterface. Bean already defined with the same name!
2020-11-28 22:39:28.177 [main] WARN  org.mybatis.spring.mapper.ClassPathMapperScanner - Skipping MapperFactoryBean with name 'permissionMapper' and 'com.xxgg.blog.mapper.PermissionMapper' mapperInterface. Bean already defined with the same name!
2020-11-28 22:39:28.177 [main] WARN  org.mybatis.spring.mapper.ClassPathMapperScanner - Skipping MapperFactoryBean with name 'pictureMapper' and 'com.xxgg.blog.mapper.PictureMapper' mapperInterface. Bean already defined with the same name!
2020-11-28 22:39:28.177 [main] WARN  org.mybatis.spring.mapper.ClassPathMapperScanner - Skipping MapperFactoryBean with name 'programMapper' and 'com.xxgg.blog.mapper.ProgramMapper' mapperInterface. Bean already defined with the same name!
2020-11-28 22:39:28.177 [main] WARN  org.mybatis.spring.mapper.ClassPathMapperScanner - Skipping MapperFactoryBean with name 'roleMapper' and 'com.xxgg.blog.mapper.RoleMapper' mapperInterface. Bean already defined with the same name!
2020-11-28 22:39:28.177 [main] WARN  org.mybatis.spring.mapper.ClassPathMapperScanner - Skipping MapperFactoryBean with name 'userMapper' and 'com.xxgg.blog.mapper.UserMapper' mapperInterface. Bean already defined with the same name!
2020-11-28 22:39:28.177 [main] WARN  org.mybatis.spring.mapper.ClassPathMapperScanner - No MyBatis mapper was found in '[com.xxgg.blog.mapper]' package. Please check your configuration.
2020-11-28 22:47:04.364 [main] WARN  org.mybatis.spring.mapper.ClassPathMapperScanner - Skipping MapperFactoryBean with name 'blogMapper' and 'com.xxgg.blog.mapper.BlogMapper' mapperInterface. Bean already defined with the same name!
2020-11-28 22:47:04.364 [main] WARN  org.mybatis.spring.mapper.ClassPathMapperScanner - Skipping MapperFactoryBean with name 'blogTypeMapper' and 'com.xxgg.blog.mapper.BlogTypeMapper' mapperInterface. Bean already defined with the same name!
2020-11-28 22:47:04.364 [main] WARN  org.mybatis.spring.mapper.ClassPathMapperScanner - Skipping MapperFactoryBean with name 'commentMapper' and 'com.xxgg.blog.mapper.CommentMapper' mapperInterface. Bean already defined with the same name!
2020-11-28 22:47:04.364 [main] WARN  org.mybatis.spring.mapper.ClassPathMapperScanner - Skipping MapperFactoryBean with name 'friendlinkMapper' and 'com.xxgg.blog.mapper.FriendlinkMapper' mapperInterface. Bean already defined with the same name!
2020-11-28 22:47:04.364 [main] WARN  org.mybatis.spring.mapper.ClassPathMapperScanner - Skipping MapperFactoryBean with name 'logMapper' and 'com.xxgg.blog.mapper.LogMapper' mapperInterface. Bean already defined with the same name!
2020-11-28 22:47:04.364 [main] WARN  org.mybatis.spring.mapper.ClassPathMapperScanner - Skipping MapperFactoryBean with name 'messageMapper' and 'com.xxgg.blog.mapper.MessageMapper' mapperInterface. Bean already defined with the same name!
2020-11-28 22:47:04.380 [main] WARN  org.mybatis.spring.mapper.ClassPathMapperScanner - Skipping MapperFactoryBean with name 'permissionMapper' and 'com.xxgg.blog.mapper.PermissionMapper' mapperInterface. Bean already defined with the same name!
2020-11-28 22:47:04.380 [main] WARN  org.mybatis.spring.mapper.ClassPathMapperScanner - Skipping MapperFactoryBean with name 'pictureMapper' and 'com.xxgg.blog.mapper.PictureMapper' mapperInterface. Bean already defined with the same name!
2020-11-28 22:47:04.380 [main] WARN  org.mybatis.spring.mapper.ClassPathMapperScanner - Skipping MapperFactoryBean with name 'programMapper' and 'com.xxgg.blog.mapper.ProgramMapper' mapperInterface. Bean already defined with the same name!
2020-11-28 22:47:04.380 [main] WARN  org.mybatis.spring.mapper.ClassPathMapperScanner - Skipping MapperFactoryBean with name 'roleMapper' and 'com.xxgg.blog.mapper.RoleMapper' mapperInterface. Bean already defined with the same name!
2020-11-28 22:47:04.380 [main] WARN  org.mybatis.spring.mapper.ClassPathMapperScanner - Skipping MapperFactoryBean with name 'userMapper' and 'com.xxgg.blog.mapper.UserMapper' mapperInterface. Bean already defined with the same name!
2020-11-28 22:47:04.380 [main] WARN  org.mybatis.spring.mapper.ClassPathMapperScanner - No MyBatis mapper was found in '[com.xxgg.blog.mapper]' package. Please check your configuration.
2021-02-03 11:10:06.820 [main] WARN  org.mybatis.spring.mapper.ClassPathMapperScanner - Skipping MapperFactoryBean with name 'blogMapper' and 'com.xxgg.blog.mapper.BlogMapper' mapperInterface. Bean already defined with the same name!
2021-02-03 11:10:06.820 [main] WARN  org.mybatis.spring.mapper.ClassPathMapperScanner - Skipping MapperFactoryBean with name 'blogTypeMapper' and 'com.xxgg.blog.mapper.BlogTypeMapper' mapperInterface. Bean already defined with the same name!
2021-02-03 11:10:06.820 [main] WARN  org.mybatis.spring.mapper.ClassPathMapperScanner - Skipping MapperFactoryBean with name 'commentMapper' and 'com.xxgg.blog.mapper.CommentMapper' mapperInterface. Bean already defined with the same name!
2021-02-03 11:10:06.820 [main] WARN  org.mybatis.spring.mapper.ClassPathMapperScanner - Skipping MapperFactoryBean with name 'linkMapper' and 'com.xxgg.blog.mapper.LinkMapper' mapperInterface. Bean already defined with the same name!
2021-02-03 11:10:06.820 [main] WARN  org.mybatis.spring.mapper.ClassPathMapperScanner - Skipping MapperFactoryBean with name 'logMapper' and 'com.xxgg.blog.mapper.LogMapper' mapperInterface. Bean already defined with the same name!
2021-02-03 11:10:06.820 [main] WARN  org.mybatis.spring.mapper.ClassPathMapperScanner - Skipping MapperFactoryBean with name 'messageMapper' and 'com.xxgg.blog.mapper.MessageMapper' mapperInterface. Bean already defined with the same name!
2021-02-03 11:10:06.820 [main] WARN  org.mybatis.spring.mapper.ClassPathMapperScanner - Skipping MapperFactoryBean with name 'permissionMapper' and 'com.xxgg.blog.mapper.PermissionMapper' mapperInterface. Bean already defined with the same name!
2021-02-03 11:10:06.820 [main] WARN  org.mybatis.spring.mapper.ClassPathMapperScanner - Skipping MapperFactoryBean with name 'pictureMapper' and 'com.xxgg.blog.mapper.PictureMapper' mapperInterface. Bean already defined with the same name!
2021-02-03 11:10:06.820 [main] WARN  org.mybatis.spring.mapper.ClassPathMapperScanner - Skipping MapperFactoryBean with name 'programMapper' and 'com.xxgg.blog.mapper.ProgramMapper' mapperInterface. Bean already defined with the same name!
2021-02-03 11:10:06.820 [main] WARN  org.mybatis.spring.mapper.ClassPathMapperScanner - Skipping MapperFactoryBean with name 'roleMapper' and 'com.xxgg.blog.mapper.RoleMapper' mapperInterface. Bean already defined with the same name!
2021-02-03 11:10:06.820 [main] WARN  org.mybatis.spring.mapper.ClassPathMapperScanner - Skipping MapperFactoryBean with name 'userMapper' and 'com.xxgg.blog.mapper.UserMapper' mapperInterface. Bean already defined with the same name!
2021-02-03 11:10:06.820 [main] WARN  org.mybatis.spring.mapper.ClassPathMapperScanner - No MyBatis mapper was found in '[com.xxgg.blog.mapper]' package. Please check your configuration.
2021-02-03 15:05:33.860 [main] WARN  org.mybatis.spring.mapper.ClassPathMapperScanner - Skipping MapperFactoryBean with name 'blogMapper' and 'com.xxgg.blog.mapper.BlogMapper' mapperInterface. Bean already defined with the same name!
2021-02-03 15:05:33.860 [main] WARN  org.mybatis.spring.mapper.ClassPathMapperScanner - Skipping MapperFactoryBean with name 'blogTypeMapper' and 'com.xxgg.blog.mapper.BlogTypeMapper' mapperInterface. Bean already defined with the same name!
2021-02-03 15:05:33.860 [main] WARN  org.mybatis.spring.mapper.ClassPathMapperScanner - Skipping MapperFactoryBean with name 'commentMapper' and 'com.xxgg.blog.mapper.CommentMapper' mapperInterface. Bean already defined with the same name!
2021-02-03 15:05:33.860 [main] WARN  org.mybatis.spring.mapper.ClassPathMapperScanner - Skipping MapperFactoryBean with name 'linkMapper' and 'com.xxgg.blog.mapper.LinkMapper' mapperInterface. Bean already defined with the same name!
2021-02-03 15:05:33.860 [main] WARN  org.mybatis.spring.mapper.ClassPathMapperScanner - Skipping MapperFactoryBean with name 'logMapper' and 'com.xxgg.blog.mapper.LogMapper' mapperInterface. Bean already defined with the same name!
2021-02-03 15:05:33.860 [main] WARN  org.mybatis.spring.mapper.ClassPathMapperScanner - Skipping MapperFactoryBean with name 'messageMapper' and 'com.xxgg.blog.mapper.MessageMapper' mapperInterface. Bean already defined with the same name!
2021-02-03 15:05:33.860 [main] WARN  org.mybatis.spring.mapper.ClassPathMapperScanner - Skipping MapperFactoryBean with name 'permissionMapper' and 'com.xxgg.blog.mapper.PermissionMapper' mapperInterface. Bean already defined with the same name!
2021-02-03 15:05:33.860 [main] WARN  org.mybatis.spring.mapper.ClassPathMapperScanner - Skipping MapperFactoryBean with name 'pictureMapper' and 'com.xxgg.blog.mapper.PictureMapper' mapperInterface. Bean already defined with the same name!
2021-02-03 15:05:33.860 [main] WARN  org.mybatis.spring.mapper.ClassPathMapperScanner - Skipping MapperFactoryBean with name 'programMapper' and 'com.xxgg.blog.mapper.ProgramMapper' mapperInterface. Bean already defined with the same name!
2021-02-03 15:05:33.860 [main] WARN  org.mybatis.spring.mapper.ClassPathMapperScanner - Skipping MapperFactoryBean with name 'roleMapper' and 'com.xxgg.blog.mapper.RoleMapper' mapperInterface. Bean already defined with the same name!
2021-02-03 15:05:33.860 [main] WARN  org.mybatis.spring.mapper.ClassPathMapperScanner - Skipping MapperFactoryBean with name 'userMapper' and 'com.xxgg.blog.mapper.UserMapper' mapperInterface. Bean already defined with the same name!
2021-02-03 15:05:33.860 [main] WARN  org.mybatis.spring.mapper.ClassPathMapperScanner - No MyBatis mapper was found in '[com.xxgg.blog.mapper]' package. Please check your configuration.
2021-02-03 15:08:55.393 [main] WARN  org.mybatis.spring.mapper.ClassPathMapperScanner - Skipping MapperFactoryBean with name 'blogMapper' and 'com.xxgg.blog.mapper.BlogMapper' mapperInterface. Bean already defined with the same name!
2021-02-03 15:08:55.393 [main] WARN  org.mybatis.spring.mapper.ClassPathMapperScanner - Skipping MapperFactoryBean with name 'blogTypeMapper' and 'com.xxgg.blog.mapper.BlogTypeMapper' mapperInterface. Bean already defined with the same name!
2021-02-03 15:08:55.393 [main] WARN  org.mybatis.spring.mapper.ClassPathMapperScanner - Skipping MapperFactoryBean with name 'commentMapper' and 'com.xxgg.blog.mapper.CommentMapper' mapperInterface. Bean already defined with the same name!
2021-02-03 15:08:55.393 [main] WARN  org.mybatis.spring.mapper.ClassPathMapperScanner - Skipping MapperFactoryBean with name 'linkMapper' and 'com.xxgg.blog.mapper.LinkMapper' mapperInterface. Bean already defined with the same name!
2021-02-03 15:08:55.393 [main] WARN  org.mybatis.spring.mapper.ClassPathMapperScanner - Skipping MapperFactoryBean with name 'logMapper' and 'com.xxgg.blog.mapper.LogMapper' mapperInterface. Bean already defined with the same name!
2021-02-03 15:08:55.393 [main] WARN  org.mybatis.spring.mapper.ClassPathMapperScanner - Skipping MapperFactoryBean with name 'messageMapper' and 'com.xxgg.blog.mapper.MessageMapper' mapperInterface. Bean already defined with the same name!
2021-02-03 15:08:55.393 [main] WARN  org.mybatis.spring.mapper.ClassPathMapperScanner - Skipping MapperFactoryBean with name 'permissionMapper' and 'com.xxgg.blog.mapper.PermissionMapper' mapperInterface. Bean already defined with the same name!
2021-02-03 15:08:55.393 [main] WARN  org.mybatis.spring.mapper.ClassPathMapperScanner - Skipping MapperFactoryBean with name 'pictureMapper' and 'com.xxgg.blog.mapper.PictureMapper' mapperInterface. Bean already defined with the same name!
2021-02-03 15:08:55.393 [main] WARN  org.mybatis.spring.mapper.ClassPathMapperScanner - Skipping MapperFactoryBean with name 'programMapper' and 'com.xxgg.blog.mapper.ProgramMapper' mapperInterface. Bean already defined with the same name!
2021-02-03 15:08:55.393 [main] WARN  org.mybatis.spring.mapper.ClassPathMapperScanner - Skipping MapperFactoryBean with name 'roleMapper' and 'com.xxgg.blog.mapper.RoleMapper' mapperInterface. Bean already defined with the same name!
2021-02-03 15:08:55.393 [main] WARN  org.mybatis.spring.mapper.ClassPathMapperScanner - Skipping MapperFactoryBean with name 'userMapper' and 'com.xxgg.blog.mapper.UserMapper' mapperInterface. Bean already defined with the same name!
2021-02-03 15:08:55.393 [main] WARN  org.mybatis.spring.mapper.ClassPathMapperScanner - No MyBatis mapper was found in '[com.xxgg.blog.mapper]' package. Please check your configuration.
2021-02-03 15:09:36.001 [main] WARN  org.mybatis.spring.mapper.ClassPathMapperScanner - Skipping MapperFactoryBean with name 'blogMapper' and 'com.xxgg.blog.mapper.BlogMapper' mapperInterface. Bean already defined with the same name!
2021-02-03 15:09:36.001 [main] WARN  org.mybatis.spring.mapper.ClassPathMapperScanner - Skipping MapperFactoryBean with name 'blogTypeMapper' and 'com.xxgg.blog.mapper.BlogTypeMapper' mapperInterface. Bean already defined with the same name!
2021-02-03 15:09:36.001 [main] WARN  org.mybatis.spring.mapper.ClassPathMapperScanner - Skipping MapperFactoryBean with name 'commentMapper' and 'com.xxgg.blog.mapper.CommentMapper' mapperInterface. Bean already defined with the same name!
2021-02-03 15:09:36.001 [main] WARN  org.mybatis.spring.mapper.ClassPathMapperScanner - Skipping MapperFactoryBean with name 'linkMapper' and 'com.xxgg.blog.mapper.LinkMapper' mapperInterface. Bean already defined with the same name!
2021-02-03 15:09:36.001 [main] WARN  org.mybatis.spring.mapper.ClassPathMapperScanner - Skipping MapperFactoryBean with name 'logMapper' and 'com.xxgg.blog.mapper.LogMapper' mapperInterface. Bean already defined with the same name!
2021-02-03 15:09:36.001 [main] WARN  org.mybatis.spring.mapper.ClassPathMapperScanner - Skipping MapperFactoryBean with name 'messageMapper' and 'com.xxgg.blog.mapper.MessageMapper' mapperInterface. Bean already defined with the same name!
2021-02-03 15:09:36.017 [main] WARN  org.mybatis.spring.mapper.ClassPathMapperScanner - Skipping MapperFactoryBean with name 'permissionMapper' and 'com.xxgg.blog.mapper.PermissionMapper' mapperInterface. Bean already defined with the same name!
2021-02-03 15:09:36.017 [main] WARN  org.mybatis.spring.mapper.ClassPathMapperScanner - Skipping MapperFactoryBean with name 'pictureMapper' and 'com.xxgg.blog.mapper.PictureMapper' mapperInterface. Bean already defined with the same name!
2021-02-03 15:09:36.017 [main] WARN  org.mybatis.spring.mapper.ClassPathMapperScanner - Skipping MapperFactoryBean with name 'programMapper' and 'com.xxgg.blog.mapper.ProgramMapper' mapperInterface. Bean already defined with the same name!
2021-02-03 15:09:36.017 [main] WARN  org.mybatis.spring.mapper.ClassPathMapperScanner - Skipping MapperFactoryBean with name 'roleMapper' and 'com.xxgg.blog.mapper.RoleMapper' mapperInterface. Bean already defined with the same name!
2021-02-03 15:09:36.017 [main] WARN  org.mybatis.spring.mapper.ClassPathMapperScanner - Skipping MapperFactoryBean with name 'userMapper' and 'com.xxgg.blog.mapper.UserMapper' mapperInterface. Bean already defined with the same name!
2021-02-03 15:09:36.017 [main] WARN  org.mybatis.spring.mapper.ClassPathMapperScanner - No MyBatis mapper was found in '[com.xxgg.blog.mapper]' package. Please check your configuration.
2021-02-03 15:10:19.651 [main] WARN  org.mybatis.spring.mapper.ClassPathMapperScanner - Skipping MapperFactoryBean with name 'blogMapper' and 'com.xxgg.blog.mapper.BlogMapper' mapperInterface. Bean already defined with the same name!
2021-02-03 15:10:19.651 [main] WARN  org.mybatis.spring.mapper.ClassPathMapperScanner - Skipping MapperFactoryBean with name 'blogTypeMapper' and 'com.xxgg.blog.mapper.BlogTypeMapper' mapperInterface. Bean already defined with the same name!
2021-02-03 15:10:19.651 [main] WARN  org.mybatis.spring.mapper.ClassPathMapperScanner - Skipping MapperFactoryBean with name 'commentMapper' and 'com.xxgg.blog.mapper.CommentMapper' mapperInterface. Bean already defined with the same name!
2021-02-03 15:10:19.651 [main] WARN  org.mybatis.spring.mapper.ClassPathMapperScanner - Skipping MapperFactoryBean with name 'linkMapper' and 'com.xxgg.blog.mapper.LinkMapper' mapperInterface. Bean already defined with the same name!
2021-02-03 15:10:19.651 [main] WARN  org.mybatis.spring.mapper.ClassPathMapperScanner - Skipping MapperFactoryBean with name 'logMapper' and 'com.xxgg.blog.mapper.LogMapper' mapperInterface. Bean already defined with the same name!
2021-02-03 15:10:19.651 [main] WARN  org.mybatis.spring.mapper.ClassPathMapperScanner - Skipping MapperFactoryBean with name 'messageMapper' and 'com.xxgg.blog.mapper.MessageMapper' mapperInterface. Bean already defined with the same name!
2021-02-03 15:10:19.651 [main] WARN  org.mybatis.spring.mapper.ClassPathMapperScanner - Skipping MapperFactoryBean with name 'permissionMapper' and 'com.xxgg.blog.mapper.PermissionMapper' mapperInterface. Bean already defined with the same name!
2021-02-03 15:10:19.651 [main] WARN  org.mybatis.spring.mapper.ClassPathMapperScanner - Skipping MapperFactoryBean with name 'pictureMapper' and 'com.xxgg.blog.mapper.PictureMapper' mapperInterface. Bean already defined with the same name!
2021-02-03 15:10:19.651 [main] WARN  org.mybatis.spring.mapper.ClassPathMapperScanner - Skipping MapperFactoryBean with name 'programMapper' and 'com.xxgg.blog.mapper.ProgramMapper' mapperInterface. Bean already defined with the same name!
2021-02-03 15:10:19.651 [main] WARN  org.mybatis.spring.mapper.ClassPathMapperScanner - Skipping MapperFactoryBean with name 'roleMapper' and 'com.xxgg.blog.mapper.RoleMapper' mapperInterface. Bean already defined with the same name!
2021-02-03 15:10:19.651 [main] WARN  org.mybatis.spring.mapper.ClassPathMapperScanner - Skipping MapperFactoryBean with name 'userMapper' and 'com.xxgg.blog.mapper.UserMapper' mapperInterface. Bean already defined with the same name!
2021-02-03 15:10:19.651 [main] WARN  org.mybatis.spring.mapper.ClassPathMapperScanner - No MyBatis mapper was found in '[com.xxgg.blog.mapper]' package. Please check your configuration.
